Test (2B): basic agreement ...
  ... Passed --   0.3  3   18    4312    3
Test (2B): RPC byte count ...
  ... Passed --   1.6  3   54  113690   11
Test (2B): agreement despite follower disconnection ...
  ... Passed --   5.2  3  178   43940    8
Test (2B): no agreement if too many followers disconnect ...
  ... Passed --   3.6  5  300   62968    4
Test (2B): concurrent Start()s ...
  ... Passed --   0.6  3   28    6848    6
Test (2B): rejoin of partitioned leader ...
  ... Passed --   9.6  3  310   68429    5
Test (2B): leader backs up quickly over incorrect follower logs ...
--- FAIL: TestBackup2B (53.02s)
    config.go:557: one(7575416424622193282) failed to reach agreement-2
Test (2B): RPC counts aren't too high ...
  ... Passed --   2.3  3   74   18808   12
FAIL
exit status 1
FAIL	6.824/raft	76.227s
